<?xml version="1.0" encoding="UTF-8"?>
<!-- Generated by org.testng.reporters.JUnitReportReporter -->
<testsuite skipped="0" hostname="DESKTOP-Q71IO9G" name="TestCases.Loginapplication" tests="1" failures="0" timestamp="19 Dec 2018 01:03:40 GMT" time="23.972" errors="0">
  <testcase name="Login" time="23.972" classname="TestCases.Loginapplication"/>
</testsuite> <!-- TestCases.Loginapplication -->
